<?xml version="1.0" encoding="UTF-8"?>
<!-- Generated by org.testng.reporters.JUnitXMLReporter -->
<testsuite ignored="0" hostname="DESKTOP-MVE14DD" failures="0" tests="4" name="Default test" time="46.64" errors="0" timestamp="2024-02-10T12:39:16 IST">
  <testcase classname="Testcases.Login" name="login" time="6.271"/>
  <testcase classname="Testcases.Login" name="PRINTFACILITY" time="7.067"/>
  <testcase classname="Testcases.Login" name="Errormessgae" time="1.379"/>
  <testcase classname="Testcases.Login" name="login1" time="5.889"/>
</testsuite> <!-- Default test -->
