<?xml version="1.0" encoding="UTF-8"?>
<testng-results ignored="0" total="2" passed="2" failed="0" skipped="0">
  <reporter-output>
  </reporter-output>
  <suite started-at="2024-02-09T12:00:50 IST" name="Default suite" finished-at="2024-02-09T12:01:10 IST" duration-ms="20865">
    <groups>
    </groups>
    <test started-at="2024-02-09T12:00:50 IST" name="Default test" finished-at="2024-02-09T12:01:10 IST" duration-ms="20865">
      <class name="Testcases.Login">
        <test-method is-config="true" signature="setup()[pri:0, instance:Testcases.Login@506ae4d4]" started-at="2024-02-09T12:00:50 IST" name="setup" finished-at="2024-02-09T12:00:57 IST" duration-ms="6850" status="PASS">
          <reporter-output>
          </reporter-output>
        </test-method> <!-- setup -->
        <test-method signature="login()[pri:1, instance:Testcases.Login@506ae4d4]" started-at="2024-02-09T12:00:57 IST" name="login" finished-at="2024-02-09T12:01:03 IST" duration-ms="6302" status="PASS">
          <reporter-output>
          </reporter-output>
        </test-method> <!-- login -->
        <test-method is-config="true" signature="closeser()[pri:0, instance:Testcases.Login@506ae4d4]" started-at="2024-02-09T12:01:03 IST" name="closeser" finished-at="2024-02-09T12:01:03 IST" duration-ms="213" status="PASS">
          <reporter-output>
          </reporter-output>
        </test-method> <!-- closeser -->
        <test-method is-config="true" signature="setup()[pri:0, instance:Testcases.Login@506ae4d4]" started-at="2024-02-09T12:01:03 IST" name="setup" finished-at="2024-02-09T12:01:09 IST" duration-ms="5832" status="PASS">
          <reporter-output>
          </reporter-output>
        </test-method> <!-- setup -->
        <test-method signature="PRINTFACILITY()[pri:2, instance:Testcases.Login@506ae4d4]" started-at="2024-02-09T12:01:09 IST" name="PRINTFACILITY" finished-at="2024-02-09T12:01:10 IST" duration-ms="1387" status="PASS">
          <reporter-output>
          </reporter-output>
        </test-method> <!-- PRINTFACILITY -->
        <test-method is-config="true" signature="closeser()[pri:0, instance:Testcases.Login@506ae4d4]" started-at="2024-02-09T12:01:10 IST" name="closeser" finished-at="2024-02-09T12:01:10 IST" duration-ms="209" status="PASS">
          <reporter-output>
          </reporter-output>
        </test-method> <!-- closeser -->
      </class> <!-- Testcases.Login -->
    </test> <!-- Default test -->
  </suite> <!-- Default suite -->
</testng-results>
