<?xml version="1.0" encoding="UTF-8"?>
<testng-results ignored="0" total="4" passed="4" failed="0" skipped="0">
  <reporter-output>
  </reporter-output>
  <suite started-at="2024-02-10T12:38:29 IST" name="Default suite" finished-at="2024-02-10T12:39:16 IST" duration-ms="46640">
    <groups>
    </groups>
    <test started-at="2024-02-10T12:38:29 IST" name="Default test" finished-at="2024-02-10T12:39:16 IST" duration-ms="46640">
      <class name="Testcases.Login">
        <test-method is-config="true" signature="setup()[pri:0, instance:Testcases.Login@53aac487]" started-at="2024-02-10T12:38:29 IST" name="setup" finished-at="2024-02-10T12:38:36 IST" duration-ms="6985" status="PASS">
          <reporter-output>
          </reporter-output>
        </test-method> <!-- setup -->
        <test-method signature="login()[pri:1, instance:Testcases.Login@53aac487]" started-at="2024-02-10T12:38:36 IST" name="login" finished-at="2024-02-10T12:38:43 IST" duration-ms="6271" status="PASS">
          <reporter-output>
          </reporter-output>
        </test-method> <!-- login -->
        <test-method is-config="true" signature="closeser()[pri:0, instance:Testcases.Login@53aac487]" started-at="2024-02-10T12:38:43 IST" name="closeser" finished-at="2024-02-10T12:38:43 IST" duration-ms="258" status="PASS">
          <reporter-output>
          </reporter-output>
        </test-method> <!-- closeser -->
        <test-method is-config="true" signature="setup()[pri:0, instance:Testcases.Login@53aac487]" started-at="2024-02-10T12:38:43 IST" name="setup" finished-at="2024-02-10T12:38:49 IST" duration-ms="6365" status="PASS">
          <reporter-output>
          </reporter-output>
        </test-method> <!-- setup -->
        <test-method signature="PRINTFACILITY()[pri:2, instance:Testcases.Login@53aac487]" started-at="2024-02-10T12:38:49 IST" name="PRINTFACILITY" finished-at="2024-02-10T12:38:56 IST" duration-ms="7067" status="PASS">
          <reporter-output>
          </reporter-output>
        </test-method> <!-- PRINTFACILITY -->
        <test-method is-config="true" signature="closeser()[pri:0, instance:Testcases.Login@53aac487]" started-at="2024-02-10T12:38:56 IST" name="closeser" finished-at="2024-02-10T12:38:56 IST" duration-ms="189" status="PASS">
          <reporter-output>
          </reporter-output>
        </test-method> <!-- closeser -->
        <test-method is-config="true" signature="setup()[pri:0, instance:Testcases.Login@53aac487]" started-at="2024-02-10T12:38:56 IST" name="setup" finished-at="2024-02-10T12:39:02 IST" duration-ms="5898" status="PASS">
          <reporter-output>
          </reporter-output>
        </test-method> <!-- setup -->
        <test-method signature="Errormessgae()[pri:3, instance:Testcases.Login@53aac487]" started-at="2024-02-10T12:39:02 IST" name="Errormessgae" finished-at="2024-02-10T12:39:04 IST" duration-ms="1379" status="PASS">
          <reporter-output>
          </reporter-output>
        </test-method> <!-- Errormessgae -->
        <test-method is-config="true" signature="closeser()[pri:0, instance:Testcases.Login@53aac487]" started-at="2024-02-10T12:39:04 IST" name="closeser" finished-at="2024-02-10T12:39:04 IST" duration-ms="189" status="PASS">
          <reporter-output>
          </reporter-output>
        </test-method> <!-- closeser -->
        <test-method is-config="true" signature="setup()[pri:0, instance:Testcases.Login@53aac487]" started-at="2024-02-10T12:39:04 IST" name="setup" finished-at="2024-02-10T12:39:10 IST" duration-ms="5792" status="PASS">
          <reporter-output>
          </reporter-output>
        </test-method> <!-- setup -->
        <test-method signature="login1()[pri:4, instance:Testcases.Login@53aac487]" started-at="2024-02-10T12:39:10 IST" name="login1" finished-at="2024-02-10T12:39:16 IST" duration-ms="5889" status="PASS">
          <reporter-output>
          </reporter-output>
        </test-method> <!-- login1 -->
        <test-method is-config="true" signature="closeser()[pri:0, instance:Testcases.Login@53aac487]" started-at="2024-02-10T12:39:16 IST" name="closeser" finished-at="2024-02-10T12:39:16 IST" duration-ms="277" status="PASS">
          <reporter-output>
          </reporter-output>
        </test-method> <!-- closeser -->
      </class> <!-- Testcases.Login -->
    </test> <!-- Default test -->
  </suite> <!-- Default suite -->
</testng-results>
